p/000051.jpg 1 0 0 881 1390
p/000050.jpg 1 0 0 887 1390
p/000049.jpg 1 0 0 866 1390
p/000048.jpg 1 0 0 866 1390
p/000047.jpg 1 0 0 1024 1536
p/000046.jpg 1 0 0 735 994
p/000045.jpg 1 0 0 424 565
p/000044.jpg 1 0 0 660 990
p/000043.jpg 1 0 0 300 240
p/000042.jpg 1 0 0 600 900
p/000041.jpg 1 0 0 900 300
p/000040.jpg 1 0 0 500 334
p/000039.jpg 1 0 0 2880 1920
p/000038.jpg 1 0 0 1026 866
p/000037.jpg 1 0 0 1200 810
p/000036.jpg 1 0 0 2123 3184
p/000035.jpg 1 0 0 2000 1000
p/000034.jpg 1 0 0 475 268
p/000033.jpg 1 0 0 1000 1250
p/000032.jpg 1 0 0 900 552
p/000031.jpg 1 0 0 1037 1271
p/000030.jpg 1 0 0 750 641
p/000029.jpg 1 0 0 878 1280
p/000028.jpg 1 0 0 537 404
p/000027.jpg 1 0 0 902 1200
p/000026.jpg 1 0 0 1002 1280
p/000025.jpg 1 0 0 1280 1920
p/000024.jpg 1 0 0 850 1180
p/000023.jpg 1 0 0 590 393
p/000022.jpg 1 0 0 1080 1080
p/000021.jpg 1 0 0 1200 676
p/000020.jpg 1 0 0 1097 1080
p/000019.jpg 1 0 0 563 931
p/000018.jpg 1 0 0 1459 1548
p/000017.jpg 1 0 0 1200 630
p/000016.jpg 1 0 0 1848 2196
p/000015.jpg 1 0 0 1200 800
p/000014.jpg 1 0 0 736 656
p/000013.jpg 1 0 0 1000 480
p/000012.jpg 1 0 0 640 480
p/000011.jpg 1 0 0 768 492
p/000010.jpg 1 0 0 1200 763
p/000009.jpg 1 0 0 900 600
p/000008.jpg 1 0 0 590 451
p/000007.jpg 1 0 0 5760 3840
p/000006.jpg 1 0 0 1200 628
p/000005.jpg 1 0 0 2125 1411
p/000004.jpg 1 0 0 615 923
p/000003.jpg 1 0 0 1200 900
p/000002.jpg 1 0 0 1240 930
p/000001.jpg 1 0 0 2500 1720